This file contains any messages produced by compilers while
running configure, to aid debugging if configure makes a mistake.

It was created by configure, which was
generated by GNU Autoconf 2.61.  Invocation command line was

  $ ./configure --target=powerpc

## --------- ##
## Platform. ##
## --------- ##

hostname = BOTTOM-LESS-PIT
uname -m = i686
uname -r = 1.0.11(0.46/3/2)
uname -s = MINGW32_NT-5.1
uname -v = 2007-07-29 17:16

/usr/bin/uname -p = unknown
/bin/uname -X     = unknown

/bin/arch              = unknown
/usr/bin/arch -k       = unknown
/usr/convex/getsysinfo = unknown
/usr/bin/hostinfo      = unknown
/bin/machine           = unknown
/usr/bin/oslevel       = unknown
/bin/universe          = unknown

PATH: .
PATH: /usr/local/bin
PATH: /mingw/bin
PATH: /bin
PATH: /bin
PATH: /mingw/mingw32/bin
PATH: /mingw/bin
PATH: /c/NuTCROOT/bin
PATH: /c/NuTCROOT/bin/X11
PATH: /c/NuTCROOT/mksnt
PATH: /c/Program Files/Windows Resource Kits/Tools/
PATH: /c/Python24/
PATH: /c/program files/subversion/bin
PATH: /c/program files/microsoft directx sdk (april 2007)/utilities/bin/x86
PATH: /c/WINDOWS/system32
PATH: /c/WINDOWS
PATH: /c/WINDOWS/system32/wbem
PATH: /c/program files/ati technologies/ati.ace/core-static
PATH: /c/program files/common files/adobe/agl
PATH: /c/Program Files/MATLAB/R2008a/bin
PATH: /c/Program Files/MATLAB/R2008a/bin/win32
PATH: /m/program files/matlab/r2007a/bin
PATH: /d/Program Files/MATLAB71/bin/win32
PATH: /m/program files/matlab/r2007a/bin/win32
PATH: /c/Program Files/Intel/Compiler/Fortran/10.1.011/ia32/lib
PATH: /m/Xilinx92i/bin/nt
PATH: /c/Program Files/AMD/CodeAnalyst/bin
PATH: /c/Program Files/mechWildfire 3.0/bin
PATH: /c/Program Files/flexnet/bin
PATH: /c/Program Files/proeWildfire 3.0/bin
PATH: /c/Program Files/TortoiseHg
PATH: /c/Program Files/Smart Projects/IsoBuster
PATH: /c/Python24/Scripts
PATH: /c/Program Files/Perforce/
PATH: /c/CONDUIT/bin
PATH: /c/Program Files/MATLAB/R2008a/bin/win32
PATH: /c/CIFER_Pro/bin
PATH: /c/CIFER_Pro/bin
PATH: /c/Program Files/TortoiseSVN/bin
PATH: /c/Program Files/MKVtoolnix
PATH: /m/Modeltech_xe_starter/win32xoem


## ----------- ##
## Core tests. ##
## ----------- ##

configure:1994: checking build system type
configure:2012: result: i686-pc-mingw32
configure:2034: checking host system type
configure:2049: result: i686-pc-mingw32
configure:2071: checking target system type
configure:2086: result: powerpc-unknown-none
configure:2133: checking for a BSD-compatible install
configure:2189: result: /bin/install -c
configure:2200: checking whether build environment is sane
configure:2243: result: yes
configure:2271: checking for a thread-safe mkdir -p
configure:2310: result: /bin/mkdir -p
configure:2323: checking for gawk
configure:2339: found /bin/gawk
configure:2350: result: gawk
configure:2361: checking whether make sets $(MAKE)
configure:2382: result: yes
configure:2570: checking whether to enable maintainer-specific portions of Makefiles
configure:2579: result: no
configure:2663: checking for gcc
configure:2679: found /mingw/bin/gcc
configure:2690: result: gcc
configure:2928: checking for C compiler version
configure:2935: gcc --version >&5
gcc.exe (GCC) 3.4.5 (mingw-vista special r3)
Copyright (C) 2004 Free Software Foundation, Inc.
This is free software; see the source for copying conditions.  There is NO
warranty; not even for MERCHANTABILITY or FITNESS FOR A PARTICULAR PURPOSE.

configure:2938: $? = 0
configure:2945: gcc -v >&5
Reading specs from c:/mingw/bin/../lib/gcc/mingw32/3.4.5/specs
Configured with: ../gcc-3.4.5-20060117-3/configure --with-gcc --with-gnu-ld --with-gnu-as --host=mingw32 --target=mingw32 --prefix=/mingw --enable-threads --disable-nls --enable-languages=c,c++,f77,ada,objc,java --disable-win32-registry --disable-shared --enable-sjlj-exceptions --enable-libgcj --disable-java-awt --without-x --enable-java-gc=boehm --disable-libgcj-debug --enable-interpreter --enable-hash-synchronization --enable-libstdcxx-debug
Thread model: win32
gcc version 3.4.5 (mingw-vista special r3)
configure:2948: $? = 0
configure:2955: gcc -V >&5
gcc.exe: `-V' option must have argument
configure:2958: $? = 1
configure:2981: checking for C compiler default output file name
configure:3008: gcc    conftest.c  >&5
configure:3011: $? = 0
configure:3049: result: a.exe
configure:3066: checking whether the C compiler works
configure:3076: ./a.exe
configure:3079: $? = 0
configure:3096: result: yes
configure:3103: checking whether we are cross compiling
configure:3105: result: no
configure:3108: checking for suffix of executables
configure:3115: gcc -o conftest.exe    conftest.c  >&5
configure:3118: $? = 0
configure:3142: result: .exe
configure:3148: checking for suffix of object files
configure:3174: gcc -c   conftest.c >&5
configure:3177: $? = 0
configure:3200: result: o
configure:3204: checking whether we are using the GNU C compiler
configure:3233: gcc -c   conftest.c >&5
configure:3239: $? = 0
configure:3256: result: yes
configure:3261: checking whether gcc accepts -g
configure:3291: gcc -c -g  conftest.c >&5
configure:3297: $? = 0
configure:3396: result: yes
configure:3413: checking for gcc option to accept ISO C89
configure:3487: gcc  -c -g -O2  conftest.c >&5
configure:3493: $? = 0
configure:3516: result: none needed
configure:3545: checking for style of include used by make
configure:3573: result: GNU
configure:3598: checking dependency style of gcc
configure:3689: result: gcc3
configure:3709: checking how to run the C preprocessor
configure:3749: gcc -E  conftest.c
configure:3755: $? = 0
configure:3786: gcc -E  conftest.c
conftest.c:10:28: ac_nonexistent.h: No such file or directory
configure:3792: $? = 1
configure: failed program was:
| /* confdefs.h.  */
| #define PACKAGE_NAME ""
| #define PACKAGE_TARNAME ""
| #define PACKAGE_VERSION ""
| #define PACKAGE_STRING ""
| #define PACKAGE_BUGREPORT ""
| #define PACKAGE "libvorbis"
| #define VERSION "1.2.0"
| /* end confdefs.h.  */
| #include <ac_nonexistent.h>
configure:3825: result: gcc -E
configure:3854: gcc -E  conftest.c
configure:3860: $? = 0
configure:3891: gcc -E  conftest.c
conftest.c:10:28: ac_nonexistent.h: No such file or directory
configure:3897: $? = 1
configure: failed program was:
| /* confdefs.h.  */
| #define PACKAGE_NAME ""
| #define PACKAGE_TARNAME ""
| #define PACKAGE_VERSION ""
| #define PACKAGE_STRING ""
| #define PACKAGE_BUGREPORT ""
| #define PACKAGE "libvorbis"
| #define VERSION "1.2.0"
| /* end confdefs.h.  */
| #include <ac_nonexistent.h>
configure:4008: checking for a sed that does not truncate output
configure:4062: result: /bin/sed
configure:4065: checking for grep that handles long lines and -e
configure:4139: result: /bin/grep
configure:4144: checking for egrep
configure:4222: result: /bin/grep -E
configure:4238: checking for ld used by gcc
configure:4305: result: c:/mingw/mingw32/bin/ld.exe
configure:4314: checking if the linker (c:/mingw/mingw32/bin/ld.exe) is GNU ld
configure:4329: result: yes
configure:4334: checking for c:/mingw/mingw32/bin/ld.exe option to reload object files
configure:4341: result: -r
configure:4359: checking for BSD-compatible nm
configure:4408: result: /mingw/bin/nm
configure:4412: checking whether ln -s works
configure:4416: result: yes
configure:4423: checking how to recognise dependent libraries
configure:4599: result: file_magic file format pei*-i386(.*architecture: i386)?
configure:4829: checking for ANSI C header files
configure:4859: gcc -c   conftest.c >&5
configure:4865: $? = 0
configure:4964: gcc -o conftest.exe    conftest.c  >&5
configure:4967: $? = 0
configure:4973: ./conftest.exe
configure:4976: $? = 0
configure:4993: result: yes
configure:5017: checking for sys/types.h
configure:5038: gcc -c   conftest.c >&5
configure:5044: $? = 0
configure:5060: result: yes
configure:5017: checking for sys/stat.h
configure:5038: gcc -c   conftest.c >&5
configure:5044: $? = 0
configure:5060: result: yes
configure:5017: checking for stdlib.h
configure:5038: gcc -c   conftest.c >&5
configure:5044: $? = 0
configure:5060: result: yes
configure:5017: checking for string.h
configure:5038: gcc -c   conftest.c >&5
configure:5044: $? = 0
configure:5060: result: yes
configure:5017: checking for memory.h
configure:5038: gcc -c   conftest.c >&5
configure:5044: $? = 0
configure:5060: result: yes
configure:5017: checking for strings.h
configure:5038: gcc -c   conftest.c >&5
configure:5044: $? = 0
configure:5060: result: yes
configure:5017: checking for inttypes.h
configure:5038: gcc -c   conftest.c >&5
configure:5044: $? = 0
configure:5060: result: yes
configure:5017: checking for stdint.h
configure:5038: gcc -c   conftest.c >&5
configure:5044: $? = 0
configure:5060: result: yes
configure:5017: checking for unistd.h
configure:5038: gcc -c   conftest.c >&5
configure:5044: $? = 0
configure:5060: result: yes
configure:5087: checking dlfcn.h usability
configure:5104: gcc -c   conftest.c >&5
conftest.c:53:19: dlfcn.h: No such file or directory
configure:5110: $? = 1
configure: failed program was:
| /* confdefs.h.  */
| #define PACKAGE_NAME ""
| #define PACKAGE_TARNAME ""
| #define PACKAGE_VERSION ""
| #define PACKAGE_STRING ""
| #define PACKAGE_BUGREPORT ""
| #define PACKAGE "libvorbis"
| #define VERSION "1.2.0"
| #define STDC_HEADERS 1
| #define HAVE_SYS_TYPES_H 1
| #define HAVE_SYS_STAT_H 1
| #define HAVE_STDLIB_H 1
| #define HAVE_STRING_H 1
| #define HAVE_MEMORY_H 1
| #define HAVE_STRINGS_H 1
| #define HAVE_INTTYPES_H 1
| #define HAVE_STDINT_H 1
| #define HAVE_UNISTD_H 1
| /* end confdefs.h.  */
| #include <stdio.h>
| #ifdef HAVE_SYS_TYPES_H
| # include <sys/types.h>
| #endif
| #ifdef HAVE_SYS_STAT_H
| # include <sys/stat.h>
| #endif
| #ifdef STDC_HEADERS
| # include <stdlib.h>
| # include <stddef.h>
| #else
| # ifdef HAVE_STDLIB_H
| #  include <stdlib.h>
| # endif
| #endif
| #ifdef HAVE_STRING_H
| # if !defined STDC_HEADERS && defined HAVE_MEMORY_H
| #  include <memory.h>
| # endif
| # include <string.h>
| #endif
| #ifdef HAVE_STRINGS_H
| # include <strings.h>
| #endif
| #ifdef HAVE_INTTYPES_H
| # include <inttypes.h>
| #endif
| #ifdef HAVE_STDINT_H
| # include <stdint.h>
| #endif
| #ifdef HAVE_UNISTD_H
| # include <unistd.h>
| #endif
| #include <dlfcn.h>
configure:5124: result: no
configure:5128: checking dlfcn.h presence
configure:5143: gcc -E  conftest.c
conftest.c:20:19: dlfcn.h: No such file or directory
configure:5149: $? = 1
configure: failed program was:
| /* confdefs.h.  */
| #define PACKAGE_NAME ""
| #define PACKAGE_TARNAME ""
| #define PACKAGE_VERSION ""
| #define PACKAGE_STRING ""
| #define PACKAGE_BUGREPORT ""
| #define PACKAGE "libvorbis"
| #define VERSION "1.2.0"
| #define STDC_HEADERS 1
| #define HAVE_SYS_TYPES_H 1
| #define HAVE_SYS_STAT_H 1
| #define HAVE_STDLIB_H 1
| #define HAVE_STRING_H 1
| #define HAVE_MEMORY_H 1
| #define HAVE_STRINGS_H 1
| #define HAVE_INTTYPES_H 1
| #define HAVE_STDINT_H 1
| #define HAVE_UNISTD_H 1
| /* end confdefs.h.  */
| #include <dlfcn.h>
configure:5163: result: no
configure:5191: checking for dlfcn.h
configure:5199: result: no
configure:5270: checking for g++
configure:5286: found /mingw/bin/g++
configure:5297: result: g++
configure:5328: checking for C++ compiler version
configure:5335: g++ --version >&5
g++.exe (GCC) 3.4.5 (mingw-vista special r3)
Copyright (C) 2004 Free Software Foundation, Inc.
This is free software; see the source for copying conditions.  There is NO
warranty; not even for MERCHANTABILITY or FITNESS FOR A PARTICULAR PURPOSE.

configure:5338: $? = 0
configure:5345: g++ -v >&5
Reading specs from c:/mingw/bin/../lib/gcc/mingw32/3.4.5/specs
Configured with: ../gcc-3.4.5-20060117-3/configure --with-gcc --with-gnu-ld --with-gnu-as --host=mingw32 --target=mingw32 --prefix=/mingw --enable-threads --disable-nls --enable-languages=c,c++,f77,ada,objc,java --disable-win32-registry --disable-shared --enable-sjlj-exceptions --enable-libgcj --disable-java-awt --without-x --enable-java-gc=boehm --disable-libgcj-debug --enable-interpreter --enable-hash-synchronization --enable-libstdcxx-debug
Thread model: win32
gcc version 3.4.5 (mingw-vista special r3)
configure:5348: $? = 0
configure:5355: g++ -V >&5
g++.exe: `-V' option must have argument
configure:5358: $? = 1
configure:5361: checking whether we are using the GNU C++ compiler
configure:5390: g++ -c   conftest.cpp >&5
configure:5396: $? = 0
configure:5413: result: yes
configure:5418: checking whether g++ accepts -g
configure:5448: g++ -c -g  conftest.cpp >&5
configure:5454: $? = 0
configure:5553: result: yes
configure:5578: checking dependency style of g++
configure:5669: result: gcc3
configure:5694: checking how to run the C++ preprocessor
configure:5730: g++ -E  conftest.cpp
configure:5736: $? = 0
configure:5767: g++ -E  conftest.cpp
conftest.cpp:20:28: ac_nonexistent.h: No such file or directory
configure:5773: $? = 1
configure: failed program was:
| /* confdefs.h.  */
| #define PACKAGE_NAME ""
| #define PACKAGE_TARNAME ""
| #define PACKAGE_VERSION ""
| #define PACKAGE_STRING ""
| #define PACKAGE_BUGREPORT ""
| #define PACKAGE "libvorbis"
| #define VERSION "1.2.0"
| #define STDC_HEADERS 1
| #define HAVE_SYS_TYPES_H 1
| #define HAVE_SYS_STAT_H 1
| #define HAVE_STDLIB_H 1
| #define HAVE_STRING_H 1
| #define HAVE_MEMORY_H 1
| #define HAVE_STRINGS_H 1
| #define HAVE_INTTYPES_H 1
| #define HAVE_STDINT_H 1
| #define HAVE_UNISTD_H 1
| /* end confdefs.h.  */
| #include <ac_nonexistent.h>
configure:5806: result: g++ -E
configure:5835: g++ -E  conftest.cpp
configure:5841: $? = 0
configure:5872: g++ -E  conftest.cpp
conftest.cpp:20:28: ac_nonexistent.h: No such file or directory
configure:5878: $? = 1
configure: failed program was:
| /* confdefs.h.  */
| #define PACKAGE_NAME ""
| #define PACKAGE_TARNAME ""
| #define PACKAGE_VERSION ""
| #define PACKAGE_STRING ""
| #define PACKAGE_BUGREPORT ""
| #define PACKAGE "libvorbis"
| #define VERSION "1.2.0"
| #define STDC_HEADERS 1
| #define HAVE_SYS_TYPES_H 1
| #define HAVE_SYS_STAT_H 1
| #define HAVE_STDLIB_H 1
| #define HAVE_STRING_H 1
| #define HAVE_MEMORY_H 1
| #define HAVE_STRINGS_H 1
| #define HAVE_INTTYPES_H 1
| #define HAVE_STDINT_H 1
| #define HAVE_UNISTD_H 1
| /* end confdefs.h.  */
| #include <ac_nonexistent.h>
configure:5971: checking for g77
configure:5987: found /mingw/bin/g77
configure:5998: result: g77
configure:6028: checking for Fortran 77 compiler version
configure:6035: g77 --version >&5
GNU Fortran (GCC) 3.4.5 (mingw-vista special r3)
Copyright (C) 2004 Free Software Foundation, Inc.

GNU Fortran comes with NO WARRANTY, to the extent permitted by law.
You may redistribute copies of GNU Fortran
under the terms of the GNU General Public License.
For more information about these matters, see the file named COPYING
or type the command `info -f g77 Copying'.
configure:6038: $? = 0
configure:6045: g77 -v >&5
Reading specs from c:/mingw/bin/../lib/gcc/mingw32/3.4.5/specs
Configured with: ../gcc-3.4.5-20060117-3/configure --with-gcc --with-gnu-ld --with-gnu-as --host=mingw32 --target=mingw32 --prefix=/mingw --enable-threads --disable-nls --enable-languages=c,c++,f77,ada,objc,java --disable-win32-registry --disable-shared --enable-sjlj-exceptions --enable-libgcj --disable-java-awt --without-x --enable-java-gc=boehm --disable-libgcj-debug --enable-interpreter --enable-hash-synchronization --enable-libstdcxx-debug
Thread model: win32
gcc version 3.4.5 (mingw-vista special r3)
configure:6048: $? = 0
configure:6055: g77 -V >&5
g77.exe: `-V' option must have argument
configure:6058: $? = 1
configure:6066: checking whether we are using the GNU Fortran 77 compiler
configure:6085: g77 -c  conftest.F >&5
configure:6091: $? = 0
configure:6108: result: yes
configure:6114: checking whether g77 accepts -g
configure:6131: g77 -c -g conftest.f >&5
configure:6137: $? = 0
configure:6153: result: yes
configure:6183: checking the maximum length of command line arguments
configure:6292: result: 8192
configure:6303: checking command to parse /mingw/bin/nm output from gcc object
configure:6408: gcc -c   conftest.c >&5
configure:6411: $? = 0
configure:6415: /mingw/bin/nm conftest.o \| sed -n -e 's/^.*[ 	]\([ABCDGIRSTW][ABCDGIRSTW]*\)[ 	][ 	]*\([_A-Za-z][_A-Za-z0-9]*\)\{0,1\}$/\1 \2 \2/p' \> conftest.nm
configure:6418: $? = 0
cannot find nm_test_var in conftest.nm
configure:6408: gcc -c   conftest.c >&5
configure:6411: $? = 0
configure:6415: /mingw/bin/nm conftest.o \| sed -n -e 's/^.*[ 	]\([ABCDGIRSTW][ABCDGIRSTW]*\)[ 	][ 	]*_\([_A-Za-z][_A-Za-z0-9]*\)\{0,1\}$/\1 _\2 \2/p' \> conftest.nm
configure:6418: $? = 0
configure:6470: gcc -o conftest.exe    conftest.c conftstm.o >&5
configure:6473: $? = 0
configure:6511: result: ok
configure:6515: checking for objdir
configure:6530: result: .libs
configure:6622: checking for ar
configure:6638: found /mingw/bin/ar
configure:6649: result: ar
configure:6718: checking for ranlib
configure:6734: found /mingw/bin/ranlib
configure:6745: result: ranlib
configure:6814: checking for strip
configure:6830: found /mingw/bin/strip
configure:6841: result: strip
configure:7127: checking if gcc supports -fno-rtti -fno-exceptions
configure:7145: gcc -c   -fno-rtti -fno-exceptions conftest.c >&5
cc1.exe: warning: command line option "-fno-rtti" is valid for C++/ObjC++ but not for C
configure:7149: $? = 0
configure:7162: result: no
configure:7177: checking for gcc option to produce PIC
configure:7387: result: -DDLL_EXPORT
configure:7395: checking if gcc PIC flag -DDLL_EXPORT works
configure:7413: gcc -c   -DDLL_EXPORT -DPIC conftest.c >&5
configure:7417: $? = 0
configure:7430: result: yes
configure:7458: checking if gcc static flag -static works
configure:7486: result: yes
configure:7496: checking if gcc supports -c -o file.o
configure:7517: gcc -c   -o out/conftest2.o conftest.c >&5
configure:7521: $? = 0
configure:7543: result: yes
configure:7569: checking whether the gcc linker (c:/mingw/mingw32/bin/ld.exe) supports shared libraries
configure:8524: result: yes
configure:8545: checking whether -lc should be explicitly linked in
configure:8550: gcc -c   conftest.c >&5
configure:8553: $? = 0
configure:8568: gcc -shared conftest.o  -v -o ./conftest -Wl,--enable-auto-image-base -Xlinker --out-implib -Xlinker conftest 2\>\&1 \| grep  -lc  \>/dev/null 2\>\&1
configure:8571: $? = 1
configure:8583: result: yes
configure:8591: checking dynamic linker characteristics
configure:9167: result: Win32 ld.exe
configure:9176: checking how to hardcode library paths into programs
configure:9201: result: immediate
configure:9215: checking whether stripping libraries is possible
configure:9220: result: yes
configure:10021: checking if libtool supports shared libraries
configure:10023: result: yes
configure:10026: checking whether to build shared libraries
configure:10047: result: yes
configure:10050: checking whether to build static libraries
configure:10054: result: yes
configure:10146: creating libtool
configure:10734: checking for ld used by g++
configure:10801: result: c:/mingw/mingw32/bin/ld.exe
configure:10810: checking if the linker (c:/mingw/mingw32/bin/ld.exe) is GNU ld
configure:10825: result: yes
configure:10876: checking whether the g++ linker (c:/mingw/mingw32/bin/ld.exe) supports shared libraries
configure:11810: result: yes
configure:11828: g++ -c -g -O2  conftest.cpp >&5
configure:11831: $? = 0
configure:11950: checking for g++ option to produce PIC
configure:12224: result: -DDLL_EXPORT
configure:12232: checking if g++ PIC flag -DDLL_EXPORT works
configure:12250: g++ -c -g -O2  -DDLL_EXPORT -DPIC conftest.cpp >&5
configure:12254: $? = 0
configure:12267: result: yes
configure:12295: checking if g++ static flag -static works
configure:12323: result: yes
configure:12333: checking if g++ supports -c -o file.o
configure:12354: g++ -c -g -O2  -o out/conftest2.o conftest.cpp >&5
configure:12358: $? = 0
configure:12380: result: yes
configure:12406: checking whether the g++ linker (c:/mingw/mingw32/bin/ld.exe) supports shared libraries
configure:12434: result: yes
configure:12501: checking dynamic linker characteristics
configure:13077: result: Win32 ld.exe
configure:13086: checking how to hardcode library paths into programs
configure:13111: result: immediate
configure:13637: checking if libtool supports shared libraries
configure:13639: result: yes
configure:13642: checking whether to build shared libraries
configure:13662: result: yes
configure:13665: checking whether to build static libraries
configure:13669: result: yes
configure:13679: checking for g77 option to produce PIC
configure:13889: result: -DDLL_EXPORT
configure:13897: checking if g77 PIC flag -DDLL_EXPORT works
configure:13915: g77 -c -g -O2 -DDLL_EXPORT conftest.f >&5
configure:13919: $? = 0
configure:13932: result: yes
configure:13960: checking if g77 static flag -static works
configure:13988: result: yes
configure:13998: checking if g77 supports -c -o file.o
configure:14019: g77 -c -g -O2 -o out/conftest2.o conftest.f >&5
configure:14023: $? = 0
configure:14045: result: yes
configure:14071: checking whether the g77 linker (c:/mingw/mingw32/bin/ld.exe) supports shared libraries
configure:15006: result: yes
configure:15073: checking dynamic linker characteristics
configure:15649: result: Win32 ld.exe
configure:15658: checking how to hardcode library paths into programs
configure:15683: result: immediate
configure:19370: checking GCC version
configure:19373: result: 3.4.5
configure:19492: checking for memory.h
configure:19497: result: yes
configure:19627: checking for cos in -lm
configure:19662: gcc -o conftest.exe -O20 -D__NO_MATH_INLINES -fsigned-char  -DUSE_MEMORY_H   conftest.c -lm   >&5
conftest.c:27: warning: conflicting types for built-in function 'cos'
configure:19668: $? = 0
configure:19686: result: yes
configure:19694: checking for pthread_create in -lpthread
configure:19729: gcc -o conftest.exe -O20 -D__NO_MATH_INLINES -fsigned-char  -DUSE_MEMORY_H   conftest.c -lpthread   >&5
c:\mingw\bin\..\lib\gcc\mingw32\3.4.5\..\..\..\..\mingw32\bin\ld.exe: cannot find -lpthread
collect2: ld returned 1 exit status
configure:19735: $? = 1
configure: failed program was:
| /* confdefs.h.  */
| #define PACKAGE_NAME ""
| #define PACKAGE_TARNAME ""
| #define PACKAGE_VERSION ""
| #define PACKAGE_STRING ""
| #define PACKAGE_BUGREPORT ""
| #define PACKAGE "libvorbis"
| #define VERSION "1.2.0"
| #define STDC_HEADERS 1
| #define HAVE_SYS_TYPES_H 1
| #define HAVE_SYS_STAT_H 1
| #define HAVE_STDLIB_H 1
| #define HAVE_STRING_H 1
| #define HAVE_MEMORY_H 1
| #define HAVE_STRINGS_H 1
| #define HAVE_INTTYPES_H 1
| #define HAVE_STDINT_H 1
| #define HAVE_UNISTD_H 1
| /* end confdefs.h.  */
| 
| /* Override any GCC internal prototype to avoid an error.
|    Use char because int might match the return type of a GCC
|    builtin and then its argument prototype would still apply.  */
| #ifdef __cplusplus
| extern "C"
| #endif
| char pthread_create ();
| int
| main ()
| {
| return pthread_create ();
|   ;
|   return 0;
| }
configure:19753: result: no
configure:19765: checking for pkg-config
configure:19795: result: no
configure:19952: checking for Ogg
configure:19992: gcc -o conftest.exe -O20 -D__NO_MATH_INLINES -fsigned-char  -DUSE_MEMORY_H    conftest.c   -logg >&5
conftest.c:24:21: ogg/ogg.h: No such file or directory
configure:19995: $? = 1
configure: program exited with status 1
configure: failed program was:
| /* confdefs.h.  */
| #define PACKAGE_NAME ""
| #define PACKAGE_TARNAME ""
| #define PACKAGE_VERSION ""
| #define PACKAGE_STRING ""
| #define PACKAGE_BUGREPORT ""
| #define PACKAGE "libvorbis"
| #define VERSION "1.2.0"
| #define STDC_HEADERS 1
| #define HAVE_SYS_TYPES_H 1
| #define HAVE_SYS_STAT_H 1
| #define HAVE_STDLIB_H 1
| #define HAVE_STRING_H 1
| #define HAVE_MEMORY_H 1
| #define HAVE_STRINGS_H 1
| #define HAVE_INTTYPES_H 1
| #define HAVE_STDINT_H 1
| #define HAVE_UNISTD_H 1
| /* end confdefs.h.  */
| 
| #include <stdio.h>
| #include <stdlib.h>
| #include <string.h>
| #include <ogg/ogg.h>
| 
| int main ()
| {
|   system("touch conf.oggtest");
|   return 0;
| }
| 
| 
configure:20028: result: no
configure:20060: gcc -o conftest.exe -O20 -D__NO_MATH_INLINES -fsigned-char  -DUSE_MEMORY_H    conftest.c   -logg >&5
conftest.c:22:21: ogg/ogg.h: No such file or directory
configure:20066: $? = 1
configure: failed program was:
| /* confdefs.h.  */
| #define PACKAGE_NAME ""
| #define PACKAGE_TARNAME ""
| #define PACKAGE_VERSION ""
| #define PACKAGE_STRING ""
| #define PACKAGE_BUGREPORT ""
| #define PACKAGE "libvorbis"
| #define VERSION "1.2.0"
| #define STDC_HEADERS 1
| #define HAVE_SYS_TYPES_H 1
| #define HAVE_SYS_STAT_H 1
| #define HAVE_STDLIB_H 1
| #define HAVE_STRING_H 1
| #define HAVE_MEMORY_H 1
| #define HAVE_STRINGS_H 1
| #define HAVE_INTTYPES_H 1
| #define HAVE_STDINT_H 1
| #define HAVE_UNISTD_H 1
| /* end confdefs.h.  */
| 
| #include <stdio.h>
| #include <ogg/ogg.h>
| 
| int
| main ()
| {
|  return 0;
|   ;
|   return 0;
| }
configure:20098: error: must have Ogg installed!

## ---------------- ##
## Cache variables. ##
## ---------------- ##

ac_cv_build=i686-pc-mingw32
ac_cv_c_compiler_gnu=yes
ac_cv_cxx_compiler_gnu=yes
ac_cv_env_CCC_set=
ac_cv_env_CCC_value=
ac_cv_env_CC_set=
ac_cv_env_CC_value=
ac_cv_env_CFLAGS_set=
ac_cv_env_CFLAGS_value=
ac_cv_env_CPPFLAGS_set=
ac_cv_env_CPPFLAGS_value=
ac_cv_env_CPP_set=
ac_cv_env_CPP_value=
ac_cv_env_CXXCPP_set=
ac_cv_env_CXXCPP_value=
ac_cv_env_CXXFLAGS_set=
ac_cv_env_CXXFLAGS_value=
ac_cv_env_CXX_set=
ac_cv_env_CXX_value=
ac_cv_env_F77_set=
ac_cv_env_F77_value=
ac_cv_env_FFLAGS_set=
ac_cv_env_FFLAGS_value=
ac_cv_env_LDFLAGS_set=
ac_cv_env_LDFLAGS_value=
ac_cv_env_LIBS_set=
ac_cv_env_LIBS_value=
ac_cv_env_build_alias_set=
ac_cv_env_build_alias_value=
ac_cv_env_host_alias_set=
ac_cv_env_host_alias_value=
ac_cv_env_target_alias_set=set
ac_cv_env_target_alias_value=powerpc
ac_cv_exeext=.exe
ac_cv_f77_compiler_gnu=yes
ac_cv_header_dlfcn_h=no
ac_cv_header_inttypes_h=yes
ac_cv_header_memory_h=yes
ac_cv_header_stdc=yes
ac_cv_header_stdint_h=yes
ac_cv_header_stdlib_h=yes
ac_cv_header_string_h=yes
ac_cv_header_strings_h=yes
ac_cv_header_sys_stat_h=yes
ac_cv_header_sys_types_h=yes
ac_cv_header_unistd_h=yes
ac_cv_host=i686-pc-mingw32
ac_cv_lib_m_cos=yes
ac_cv_lib_pthread_pthread_create=no
ac_cv_objext=o
ac_cv_path_EGREP='/bin/grep -E'
ac_cv_path_GREP=/bin/grep
ac_cv_path_install='/bin/install -c'
ac_cv_path_mkdir=/bin/mkdir
ac_cv_prog_AWK=gawk
ac_cv_prog_CPP='gcc -E'
ac_cv_prog_CXXCPP='g++ -E'
ac_cv_prog_ac_ct_AR=ar
ac_cv_prog_ac_ct_CC=gcc
ac_cv_prog_ac_ct_CXX=g++
ac_cv_prog_ac_ct_F77=g77
ac_cv_prog_ac_ct_RANLIB=ranlib
ac_cv_prog_ac_ct_STRIP=strip
ac_cv_prog_cc_c89=
ac_cv_prog_cc_g=yes
ac_cv_prog_cxx_g=yes
ac_cv_prog_f77_g=yes
ac_cv_prog_make_make_set=yes
ac_cv_target=powerpc-unknown-none
am_cv_CC_dependencies_compiler_type=gcc3
am_cv_CXX_dependencies_compiler_type=gcc3
lt_cv_deplibs_check_method='file_magic file format pei*-i386(.*architecture: i386)?'
lt_cv_file_magic_cmd='$OBJDUMP -f'
lt_cv_file_magic_test_file=
lt_cv_ld_reload_flag=-r
lt_cv_objdir=.libs
lt_cv_path_LD=c:/mingw/mingw32/bin/ld.exe
lt_cv_path_LDCXX=c:/mingw/mingw32/bin/ld.exe
lt_cv_path_NM=/mingw/bin/nm
lt_cv_path_SED=/bin/sed
lt_cv_prog_compiler_c_o=yes
lt_cv_prog_compiler_c_o_CXX=yes
lt_cv_prog_compiler_c_o_F77=yes
lt_cv_prog_compiler_rtti_exceptions=no
lt_cv_prog_gnu_ld=yes
lt_cv_prog_gnu_ldcxx=yes
lt_cv_sys_global_symbol_pipe='sed -n -e '\''s/^.*[ 	]\([ABCDGIRSTW][ABCDGIRSTW]*\)[ 	][ 	]*_\([_A-Za-z][_A-Za-z0-9]*\)\{0,1\}$/\1 _\2 \2/p'\'''
lt_cv_sys_global_symbol_to_c_name_address='sed -n -e '\''s/^: \([^ ]*\) $/  {\"\1\", (lt_ptr) 0},/p'\'' -e '\''s/^[BCDEGRST] \([^ ]*\) \([^ ]*\)$/  {"\2", (lt_ptr) \&\2},/p'\'''
lt_cv_sys_global_symbol_to_cdecl='sed -n -e '\''s/^. .* \(.*\)$/extern int \1;/p'\'''
lt_cv_sys_max_cmd_len=8192
lt_lt_cv_prog_compiler_c_o='"yes"'
lt_lt_cv_prog_compiler_c_o_CXX='"yes"'
lt_lt_cv_prog_compiler_c_o_F77='"yes"'
lt_lt_cv_sys_global_symbol_pipe='"sed -n -e '\''s/^.*[ 	]\\([ABCDGIRSTW][ABCDGIRSTW]*\\)[ 	][ 	]*_\\([_A-Za-z][_A-Za-z0-9]*\\)\\{0,1\\}\$/\\1 _\\2 \\2/p'\''"'
lt_lt_cv_sys_global_symbol_to_c_name_address='"sed -n -e '\''s/^: \\([^ ]*\\) \$/  {\\\"\\1\\\", (lt_ptr) 0},/p'\'' -e '\''s/^[BCDEGRST] \\([^ ]*\\) \\([^ ]*\\)\$/  {\"\\2\", (lt_ptr) \\&\\2},/p'\''"'
lt_lt_cv_sys_global_symbol_to_cdecl='"sed -n -e '\''s/^. .* \\(.*\\)\$/extern int \\1;/p'\''"'

## ----------------- ##
## Output variables. ##
## ----------------- ##

ACLOCAL='${SHELL} /i/setup/libvorbis-1.2.0/missing --run aclocal-1.10'
ALLOCA=''
AMDEPBACKSLASH='\'
AMDEP_FALSE='#'
AMDEP_TRUE=''
AMTAR='${SHELL} /i/setup/libvorbis-1.2.0/missing --run tar'
AR='ar'
AUTOCONF='${SHELL} /i/setup/libvorbis-1.2.0/missing --run autoconf'
AUTOHEADER='${SHELL} /i/setup/libvorbis-1.2.0/missing --run autoheader'
AUTOMAKE='${SHELL} /i/setup/libvorbis-1.2.0/missing --run automake-1.10'
AWK='gawk'
BUILD_DOCS_FALSE=''
BUILD_DOCS_TRUE='#'
CC='gcc'
CCDEPMODE='depmode=gcc3'
CFLAGS='-O20 -D__NO_MATH_INLINES -fsigned-char  -DUSE_MEMORY_H'
CPP='gcc -E'
CPPFLAGS=''
CXX='g++'
CXXCPP='g++ -E'
CXXDEPMODE='depmode=gcc3'
CXXFLAGS='-g -O2'
CYGPATH_W='echo'
DEBUG='-g -Wall -W -D__NO_MATH_INLINES -fsigned-char'
DEFS=''
DEPDIR='.deps'
ECHO='echo'
ECHO_C=''
ECHO_N='-n'
ECHO_T=''
EGREP='/bin/grep -E'
EXEEXT='.exe'
F77='g77'
FFLAGS='-g -O2'
GREP='/bin/grep'
HAVE_PKG_CONFIG=''
INSTALL_DATA='${INSTALL} -m 644'
INSTALL_PROGRAM='${INSTALL}'
INSTALL_SCRIPT='${INSTALL}'
INSTALL_STRIP_PROGRAM='$(install_sh) -c -s'
LDFLAGS=''
LIBOBJS=''
LIBS=''
LIBTOOL='$(SHELL) $(top_builddir)/libtool'
LN_S='ln -s'
LTLIBOBJS=''
MAINT='#'
MAINTAINER_MODE_FALSE=''
MAINTAINER_MODE_TRUE='#'
MAKEINFO='${SHELL} /i/setup/libvorbis-1.2.0/missing --run makeinfo'
OBJEXT='o'
OGG_CFLAGS=''
OGG_LIBS=''
PACKAGE='libvorbis'
PACKAGE_BUGREPORT=''
PACKAGE_NAME=''
PACKAGE_STRING=''
PACKAGE_TARNAME=''
PACKAGE_VERSION=''
PATH_SEPARATOR=':'
PDFXMLTEX=''
PKG_CONFIG=''
PROFILE='-O20 -g -pg -D__NO_MATH_INLINES -fsigned-char'
RANLIB='ranlib'
SET_MAKE=''
SHELL='/bin/sh'
STRIP='strip'
VERSION='1.2.0'
VE_LIB_AGE='0'
VE_LIB_CURRENT='2'
VE_LIB_REVISION='3'
VF_LIB_AGE='2'
VF_LIB_CURRENT='5'
VF_LIB_REVISION='0'
VORBIS_LIBS='-lm'
V_LIB_AGE='4'
V_LIB_CURRENT='4'
V_LIB_REVISION='0'
XSLTPROC=''
ac_ct_CC='gcc'
ac_ct_CXX='g++'
ac_ct_F77='g77'
am__fastdepCC_FALSE='#'
am__fastdepCC_TRUE=''
am__fastdepCXX_FALSE='#'
am__fastdepCXX_TRUE=''
am__include='include'
am__isrc=''
am__leading_dot='.'
am__quote=''
am__tar='${AMTAR} chof - "$$tardir"'
am__untar='${AMTAR} xf -'
bindir='${exec_prefix}/bin'
build='i686-pc-mingw32'
build_alias=''
build_cpu='i686'
build_os='mingw32'
build_vendor='pc'
datadir='${datarootdir}'
datarootdir='${prefix}/share'
docdir='${datarootdir}/doc/${PACKAGE}'
dvidir='${docdir}'
exec_prefix='NONE'
host='i686-pc-mingw32'
host_alias=''
host_cpu='i686'
host_os='mingw32'
host_vendor='pc'
htmldir='${docdir}'
includedir='${prefix}/include'
infodir='${datarootdir}/info'
install_sh='$(SHELL) /i/setup/libvorbis-1.2.0/install-sh'
libdir='${exec_prefix}/lib'
libexecdir='${exec_prefix}/libexec'
localedir='${datarootdir}/locale'
localstatedir='${prefix}/var'
mandir='${datarootdir}/man'
mkdir_p='/bin/mkdir -p'
oldincludedir='/usr/include'
pdfdir='${docdir}'
prefix='NONE'
program_transform_name='s&^&powerpc-&'
psdir='${docdir}'
pthread_lib=''
sbindir='${exec_prefix}/sbin'
sharedstatedir='${prefix}/com'
sysconfdir='${prefix}/etc'
target='powerpc-unknown-none'
target_alias='powerpc'
target_cpu='powerpc'
target_os='none'
target_vendor='unknown'

## ----------- ##
## confdefs.h. ##
## ----------- ##

#define PACKAGE_NAME ""
#define PACKAGE_TARNAME ""
#define PACKAGE_VERSION ""
#define PACKAGE_STRING ""
#define PACKAGE_BUGREPORT ""
#define PACKAGE "libvorbis"
#define VERSION "1.2.0"
#define STDC_HEADERS 1
#define HAVE_SYS_TYPES_H 1
#define HAVE_SYS_STAT_H 1
#define HAVE_STDLIB_H 1
#define HAVE_STRING_H 1
#define HAVE_MEMORY_H 1
#define HAVE_STRINGS_H 1
#define HAVE_INTTYPES_H 1
#define HAVE_STDINT_H 1
#define HAVE_UNISTD_H 1

configure: exit 1
